{"numFailedTestSuites":1,"numFailedTests":2,"numPassedTestSuites":0,"numPassedTests":0,"numPendingTestSuites":0,"numPendingTests":0,"numRuntimeErrorTestSuites":0,"numTodoTests":0,"numTotalTestSuites":1,"numTotalTests":2,"openHandles":[],"snapshot":{"added":0,"didUpdate":false,"failure":false,"filesAdded":0,"filesRemoved":0,"filesRemovedList":[],"filesUnmatched":0,"filesUpdated":0,"matched":0,"total":0,"unchecked":0,"uncheckedKeysByFile":[],"unmatched":0,"updated":0},"startTime":1765276105051,"success":false,"testResults":[{"assertionResults":[{"ancestorTitles":["AuthStepTwo"],"duration":1830,"failureDetails":[{"diagnosticText":"\u001b[96msrc/shared/ui/DatePicker/Calendar/Calendar.tsx\u001b[0m:\u001b[93m113\u001b[0m:\u001b[93m11\u001b[0m - \u001b[91merror\u001b[0m\u001b[90m TS2322: \u001b[0mType '(value: string) => void' is not assignable to type '(_value: string | string[]) => void'.\n  Types of parameters 'value' and '_value' are incompatible.\n    Type 'string | string[]' is not assignable to type 'string'.\n      Type 'string[]' is not assignable to type 'string'.\n\n\u001b[7m113\u001b[0m           onChange={handleMonthChange}\n\u001b[7m   \u001b[0m \u001b[91m          ~~~~~~~~\u001b[0m\n\n  \u001b[96msrc/shared/ui/Select/types.ts\u001b[0m:\u001b[93m17\u001b[0m:\u001b[93m3\u001b[0m\n    \u001b[7m17\u001b[0m   onChange: (_value: string | string[]) => void;\n    \u001b[7m  \u001b[0m \u001b[96m  ~~~~~~~~\u001b[0m\n    The expected type comes from property 'onChange' which is declared here on type 'IntrinsicAttributes & SelectProps'\n\u001b[96msrc/shared/ui/DatePicker/Calendar/Calendar.tsx\u001b[0m:\u001b[93m121\u001b[0m:\u001b[93m11\u001b[0m - \u001b[91merror\u001b[0m\u001b[90m TS2322: \u001b[0mType '(value: string) => void' is not assignable to type '(_value: string | string[]) => void'.\n  Types of parameters 'value' and '_value' are incompatible.\n    Type 'string | string[]' is not assignable to type 'string'.\n      Type 'string[]' is not assignable to type 'string'.\n\n\u001b[7m121\u001b[0m           onChange={handleYearChange}\n\u001b[7m   \u001b[0m \u001b[91m          ~~~~~~~~\u001b[0m\n\n  \u001b[96msrc/shared/ui/Select/types.ts\u001b[0m:\u001b[93m17\u001b[0m:\u001b[93m3\u001b[0m\n    \u001b[7m17\u001b[0m   onChange: (_value: string | string[]) => void;\n    \u001b[7m  \u001b[0m \u001b[96m  ~~~~~~~~\u001b[0m\n    The expected type comes from property 'onChange' which is declared here on type 'IntrinsicAttributes & SelectProps'\n","diagnosticCodes":[2322,2322]}],"failureMessages":[""],"fullName":"AuthStepTwo saves step 2 data and navigates to step 3","invocations":1,"location":null,"numPassingAsserts":0,"retryReasons":[],"status":"failed","title":"saves step 2 data and navigates to step 3"},{"ancestorTitles":["AuthStepTwo"],"duration":27,"failureDetails":[{"diagnosticText":"\u001b[96msrc/shared/ui/DatePicker/Calendar/Calendar.tsx\u001b[0m:\u001b[93m113\u001b[0m:\u001b[93m11\u001b[0m - \u001b[91merror\u001b[0m\u001b[90m TS2322: \u001b[0mType '(value: string) => void' is not assignable to type '(_value: string | string[]) => void'.\n  Types of parameters 'value' and '_value' are incompatible.\n    Type 'string | string[]' is not assignable to type 'string'.\n      Type 'string[]' is not assignable to type 'string'.\n\n\u001b[7m113\u001b[0m           onChange={handleMonthChange}\n\u001b[7m   \u001b[0m \u001b[91m          ~~~~~~~~\u001b[0m\n\n  \u001b[96msrc/shared/ui/Select/types.ts\u001b[0m:\u001b[93m17\u001b[0m:\u001b[93m3\u001b[0m\n    \u001b[7m17\u001b[0m   onChange: (_value: string | string[]) => void;\n    \u001b[7m  \u001b[0m \u001b[96m  ~~~~~~~~\u001b[0m\n    The expected type comes from property 'onChange' which is declared here on type 'IntrinsicAttributes & SelectProps'\n\u001b[96msrc/shared/ui/DatePicker/Calendar/Calendar.tsx\u001b[0m:\u001b[93m121\u001b[0m:\u001b[93m11\u001b[0m - \u001b[91merror\u001b[0m\u001b[90m TS2322: \u001b[0mType '(value: string) => void' is not assignable to type '(_value: string | string[]) => void'.\n  Types of parameters 'value' and '_value' are incompatible.\n    Type 'string | string[]' is not assignable to type 'string'.\n      Type 'string[]' is not assignable to type 'string'.\n\n\u001b[7m121\u001b[0m           onChange={handleYearChange}\n\u001b[7m   \u001b[0m \u001b[91m          ~~~~~~~~\u001b[0m\n\n  \u001b[96msrc/shared/ui/Select/types.ts\u001b[0m:\u001b[93m17\u001b[0m:\u001b[93m3\u001b[0m\n    \u001b[7m17\u001b[0m   onChange: (_value: string | string[]) => void;\n    \u001b[7m  \u001b[0m \u001b[96m  ~~~~~~~~\u001b[0m\n    The expected type comes from property 'onChange' which is declared here on type 'IntrinsicAttributes & SelectProps'\n","diagnosticCodes":[2322,2322]}],"failureMessages":[""],"fullName":"AuthStepTwo redirects to register when credentials missing","invocations":1,"location":null,"numPassingAsserts":0,"retryReasons":[],"status":"failed","title":"redirects to register when credentials missing"}],"endTime":1765276111300,"message":"  ● AuthStepTwo › saves step 2 data and navigates to step 3\n\n\n\n\n\n  ● AuthStepTwo › redirects to register when credentials missing\n\n\n\n\n","name":"D:\\Projects\\Practicum\\SkillSwap\\src\\pages\\Auth\\ui\\AuthStepTwo.test.tsx","startTime":1765276106145,"status":"failed","summary":""}],"wasInterrupted":false}
